  Main.cpp
c1xx : warning C4199: two-phase name lookup is not supported for C++/CLI, C++/CX, or OpenMP; use /Zc:twoPhase-
c:\users\zii\documents\visual studio projects\mpp_thread_implementation\mpp_thread_implementation\main.cpp(168): warning C4267: 'initializing': conversion from 'size_t' to 'int', possible loss of data
c:\users\zii\documents\visual studio projects\mpp_thread_implementation\mpp_thread_implementation\main.cpp(169): warning C4267: 'initializing': conversion from 'size_t' to 'int', possible loss of data
c:\users\zii\documents\visual studio projects\mpp_thread_implementation\mpp_thread_implementation\main.cpp(265): warning C4018: '<': signed/unsigned mismatch
c:\users\zii\documents\visual studio projects\mpp_thread_implementation\mpp_thread_implementation\main.cpp(275): warning C4018: '<': signed/unsigned mismatch
c:\users\zii\documents\visual studio projects\mpp_thread_implementation\mpp_thread_implementation\main.cpp(311): warning C4018: '>': signed/unsigned mismatch
c:\users\zii\documents\visual studio projects\mpp_thread_implementation\mpp_thread_implementation\main.cpp(316): warning C4018: '>': signed/unsigned mismatch
c:\users\zii\documents\visual studio projects\mpp_thread_implementation\mpp_thread_implementation\main.cpp(337): warning C4018: '>': signed/unsigned mismatch
c:\users\zii\documents\visual studio projects\mpp_thread_implementation\mpp_thread_implementation\main.cpp(250): warning C4101: 'display': unreferenced local variable
c:\users\zii\documents\visual studio projects\mpp_thread_implementation\mpp_thread_implementation\main.cpp(455): warning C4267: '=': conversion from 'size_t' to 'unsigned int', possible loss of data
c:\users\zii\documents\visual studio projects\mpp_thread_implementation\mpp_thread_implementation\main.cpp(456): warning C4267: '=': conversion from 'size_t' to 'unsigned int', possible loss of data
c:\users\zii\documents\visual studio projects\mpp_thread_implementation\mpp_thread_implementation\main.cpp(464): warning C4267: 'initializing': conversion from 'size_t' to 'int', possible loss of data
c:\users\zii\documents\visual studio projects\mpp_thread_implementation\mpp_thread_implementation\main.cpp(465): warning C4267: 'initializing': conversion from 'size_t' to 'int', possible loss of data
  Generating code
  4 of 622 functions ( 0.6%) were compiled, the rest were copied from previous compilation.
    0 functions were new in current compilation
    0 functions had inline decision re-evaluated but remain unchanged
  Finished generating code
  MPP_thread_implementation.vcxproj -> C:\Users\Zii\Documents\Visual Studio Projects\MPP_thread_implementation\x64\Release\MPP_thread_implementation.exe
